/*C3*/SET SCHEMA PUBLIC
CREATE TABLE IF NOT EXISTS RESULT_SHEET (\u000d\u000a\u0009USER_ID\u0009INT\u0009NOT NULL,\u000d\u000a    X   FLOAT,\u000d\u000a    Y   FLOAT,\u000d\u000a    R   FLOAT,\u000d\u000a    INCLUDED  BOOLEAN\u000d\u000a)
CREATE TABLE IF NOT EXISTS USERS (\u000d\u000a\u0009ID\u0009INT\u0009PRIMARY KEY,\u000d\u000a    NICKNAME\u0009VARCHAR(16)\u0009NOT NULL\u000d\u000a)
/*C3*/SET SCHEMA PUBLIC
INSERT INTO USERS VALUES(4,'guy')
COMMIT
INSERT INTO RESULT_SHEET VALUES(4,0.0E0,0.0E0,0.0E0,FALSE)
COMMIT
INSERT INTO RESULT_SHEET VALUES(4,0.0E0,0.0E0,0.0E0,FALSE)
COMMIT
INSERT INTO RESULT_SHEET VALUES(4,-1.2E0,1.2E0,2.5E0,TRUE)
COMMIT
INSERT INTO RESULT_SHEET VALUES(4,-1.2E0,1.2E0,2.5E0,TRUE)
COMMIT
INSERT INTO RESULT_SHEET VALUES(4,-1.2E0,1.3E0,2.5E0,TRUE)
COMMIT
INSERT INTO RESULT_SHEET VALUES(4,-1.2E0,1.3E0,2.5E0,TRUE)
COMMIT
INSERT INTO RESULT_SHEET VALUES(4,-1.2E0,1.4E0,2.5E0,FALSE)
COMMIT
INSERT INTO RESULT_SHEET VALUES(4,-1.2E0,1.4E0,2.5E0,FALSE)
COMMIT
